

4.99
1

4.99
1
2381939
4.99
1

4.99


40
1
2381963
40
1

40
1

40
1
2381965
40
1

40
1

40
1

40
1
2381968
40
1

40
1
2381969
40
1

40
1
2381970
40
1
2381973
40
1

4.99
1
2381975
4.99
1
2381982
4.99
1
2381983
4.99
1
2381997
4.99
1
2382003
40
1
2382005
4.99
1
2382007
4.99
1

4.99
1
2398585
4.99
1
2399045
4.99
1

4.99
1
2399049
4.99
1
2482020
4.99


0


0


0


0


0


0


0


0


0


0


0


0


0


0


0


0


0


0


0


0


0


0


0


0


0


0


0
1

0
1

0
1

0


0


0


0


0


4.99


4.99
1

4.99
1

4.99
1
2487206
4.99
1
2487208
4.99
1

4.99
1

4.99
1

4.99
1

4.99
1

4.99
1

4.99
1
2487213
40.00
1

40.00
1

40.00
1

40.00
1
2487223
40.00
1
2487225
4.99
1
2487227
4.99
1

4.99
1

4.99
1

4.99
1

4.99


4.99
1

4.99
1

4.99
1

4.99
1

4.99
1

4.99
1

4.99
1

4.99
1

4.99
1

4.99
1

4.99
1

4.99


4.99


4.99


4.99


4.99


4.99


4.99


4.99


4.99


4.99


4.99


4.99


4.99


4.99


4.99


4.99


40.00


4.99


4.99


4.99


4.99


4.99


0


0


4.99


4.99


4.99


4.99
1
24465370
4.99
1

4.99
1

4.99
1
24465760
4.99
1
24465973
4.99
1
24466176
40.00
1

40.00
1
24466265
4.99
1

4.99
1

4.99
1

4.99
1

4.99
1
24466422
4.99
1

4.99
1

4.99


4.99
1

4.99
1
25364473
4.99


0.00
1

4.99


0.00


4.99


0.00


4.99


0.00


4.99
1
25494891
4.99
1

4.99


0.00


4.99


0.00


0.00


4.99
1
25536189
4.99


0.00


0.00
1
26200939
4.99


0.00


0.00
1
27167427
4.99
1

4.99


4.99


4.99


4.99


4.99


4.99


4.99


4.99


0.00


7.99
1

43
1

43
1
27176387
7.99


0.00
1

7.99
1

7.99


43


0.00
1

7.99
1

43
1

10.99
1

4.99


0


0
1
27178100
4.99


6
1

10.99
1

10.99
